<?xml version="1.0" encoding="UTF-8"?>
<!-- Generated by org.testng.reporters.JUnitReportReporter -->
<testsuite skipped="0" hostname="Choudhary" name="ui.test.tests.reverseString" tests="1" failures="0" timestamp="2021-05-06T18:24:38 IST" time="37.034" errors="0">
  <testcase name="windowHandle" time="37.034" classname="ui.test.tests.reverseString"/>
  <system-out/>
</testsuite> <!-- ui.test.tests.reverseString -->
