<?xml version="1.0" encoding="UTF-8"?>
<!-- Generated by org.testng.reporters.JUnitReportReporter -->
<testsuite skipped="0" hostname="Choudhary" name="ui.test.tests.HomePageTest" tests="1" failures="0" timestamp="2021-05-06T18:24:38 IST" time="36.303" errors="0">
  <testcase name="verifyHomepage" time="36.303" classname="ui.test.tests.HomePageTest"/>
  <system-out/>
</testsuite> <!-- ui.test.tests.HomePageTest -->
